Build started 01/07/2015 01:32:20 a.m..
     1>Project "C:\Users\toshiba\Documents\Visual Studio 2013\Projects\OpenCV-Test\OpenCV-Test\OpenCV-Test.vcxproj" on node 2 (Build target(s)).
     1>Link:
         C:\Program Files (x86)\Microsoft Visual Studio 12.0\VC\bin\x86_amd64\link.exe /ERRORREPORT:PROMPT /OUT:"C:\Users\toshiba\Documents\Visual Studio 2013\Projects\OpenCV-Test\x64\Debug\OpenCV-Test.exe" /INCREMENTAL /NOLOGO /LIBPATH:c:\opencv\build\\x64\vc12\lib opencv_ts300d.lib opencv_world300d.lib /MANIFEST /MANIFESTUAC:"level='asInvoker' uiAccess='false'" /manifest:embed /DEBUG /PDB:"C:\Users\toshiba\Documents\Visual Studio 2013\Projects\OpenCV-Test\x64\Debug\OpenCV-Test.pdb" /SUBSYSTEM:CONSOLE /TLBID:1 /DYNAMICBASE /NXCOMPAT /IMPLIB:"C:\Users\toshiba\Documents\Visual Studio 2013\Projects\OpenCV-Test\x64\Debug\OpenCV-Test.lib" /MACHINE:X64 x64\Debug\Sources.obj
     1>x64\Debug\Sources.obj : fatal error LNK1112: module machine type 'X86' conflicts with target machine type 'x64'
     1>Done Building Project "C:\Users\toshiba\Documents\Visual Studio 2013\Projects\OpenCV-Test\OpenCV-Test\OpenCV-Test.vcxproj" (Build target(s)) -- FAILED.

Build FAILED.

Time Elapsed 00:00:00.37
